<?xml version="1.0" encoding="UTF-8"?>
<coverage generated="1542231385702" clover="3.2.0">
  <project timestamp="1542231385702" name="All files">
    <metrics statements="23" coveredstatements="23" conditionals="12" coveredconditionals="11" methods="8" coveredmethods="8" elements="43" coveredelements="42" complexity="0" loc="23" ncloc="23" packages="1" files="1" classes="1">
      <file name="index.js" path="C:\Git\array-means\index.js">
        <metrics statements="23" coveredstatements="23" conditionals="12" coveredconditionals="11" methods="8" coveredmethods="8"/>
        <line num="8" count="1" type="stmt"/>
        <line num="14" count="2" type="cond" truecount="2" falsecount="0"/>
        <line num="15" count="1" type="stmt"/>
        <line num="18" count="1" type="stmt"/>
        <line num="19" count="20" type="stmt"/>
        <line num="22" count="1" type="stmt"/>
        <line num="29" count="2" type="cond" truecount="2" falsecount="0"/>
        <line num="30" count="1" type="stmt"/>
        <line num="33" count="1" type="stmt"/>
        <line num="34" count="20" type="stmt"/>
        <line num="37" count="1" type="stmt"/>
        <line num="44" count="2" type="cond" truecount="2" falsecount="0"/>
        <line num="45" count="1" type="stmt"/>
        <line num="48" count="1" type="stmt"/>
        <line num="49" count="20" type="stmt"/>
        <line num="52" count="1" type="stmt"/>
        <line num="55" count="2" type="cond" truecount="2" falsecount="0"/>
        <line num="56" count="1" type="stmt"/>
        <line num="59" count="1" type="stmt"/>
        <line num="60" count="19" type="stmt"/>
        <line num="63" count="1" type="stmt"/>
        <line num="67" count="1" type="cond" truecount="3" falsecount="1"/>
        <line num="68" count="1" type="stmt"/>
      </file>
    </metrics>
  </project>
</coverage>
