<?xml version="1.0" encoding="UTF-8"?>
<coverage generated="1542552682799" clover="3.2.0">
  <project timestamp="1542552682799" name="All files">
    <metrics statements="28" coveredstatements="28" conditionals="14" coveredconditionals="13" methods="10" coveredmethods="10" elements="52" coveredelements="51" complexity="0" loc="28" ncloc="28" packages="1" files="1" classes="1">
      <file name="index.js" path="C:\Git\array-means\index.js">
        <metrics statements="28" coveredstatements="28" conditionals="14" coveredconditionals="13" methods="10" coveredmethods="10"/>
        <line num="8" count="1" type="stmt"/>
        <line num="14" count="2" type="cond" truecount="2" falsecount="0"/>
        <line num="15" count="1" type="stmt"/>
        <line num="18" count="1" type="stmt"/>
        <line num="19" count="20" type="stmt"/>
        <line num="22" count="1" type="stmt"/>
        <line num="29" count="2" type="cond" truecount="2" falsecount="0"/>
        <line num="30" count="1" type="stmt"/>
        <line num="33" count="1" type="stmt"/>
        <line num="34" count="20" type="stmt"/>
        <line num="37" count="1" type="stmt"/>
        <line num="44" count="2" type="cond" truecount="2" falsecount="0"/>
        <line num="45" count="1" type="stmt"/>
        <line num="48" count="1" type="stmt"/>
        <line num="49" count="20" type="stmt"/>
        <line num="52" count="1" type="stmt"/>
        <line num="55" count="2" type="cond" truecount="2" falsecount="0"/>
        <line num="56" count="1" type="stmt"/>
        <line num="59" count="1" type="stmt"/>
        <line num="60" count="19" type="stmt"/>
        <line num="63" count="1" type="stmt"/>
        <line num="70" count="2" type="cond" truecount="2" falsecount="0"/>
        <line num="71" count="1" type="stmt"/>
        <line num="74" count="1" type="stmt"/>
        <line num="75" count="20" type="stmt"/>
        <line num="78" count="1" type="stmt"/>
        <line num="82" count="1" type="cond" truecount="3" falsecount="1"/>
        <line num="83" count="1" type="stmt"/>
      </file>
    </metrics>
  </project>
</coverage>
