{"C:\\Git\\array-means\\index.js": {"path":"C:\\Git\\array-means\\index.js","statementMap":{"0":{"start":{"line":8,"column":17},"end":{"line":119,"column":1}},"1":{"start":{"line":14,"column":8},"end":{"line":14,"column":36}},"2":{"start":{"line":21,"column":8},"end":{"line":23,"column":9}},"3":{"start":{"line":22,"column":12},"end":{"line":22,"column":57}},"4":{"start":{"line":25,"column":21},"end":{"line":27,"column":13}},"5":{"start":{"line":26,"column":12},"end":{"line":26,"column":25}},"6":{"start":{"line":29,"column":8},"end":{"line":29,"column":35}},"7":{"start":{"line":36,"column":8},"end":{"line":36,"column":35}},"8":{"start":{"line":43,"column":8},"end":{"line":45,"column":9}},"9":{"start":{"line":44,"column":12},"end":{"line":44,"column":57}},"10":{"start":{"line":47,"column":21},"end":{"line":49,"column":13}},"11":{"start":{"line":48,"column":12},"end":{"line":48,"column":38}},"12":{"start":{"line":51,"column":8},"end":{"line":51,"column":46}},"13":{"start":{"line":58,"column":8},"end":{"line":58,"column":34}},"14":{"start":{"line":65,"column":8},"end":{"line":67,"column":9}},"15":{"start":{"line":66,"column":12},"end":{"line":66,"column":57}},"16":{"start":{"line":69,"column":21},"end":{"line":71,"column":13}},"17":{"start":{"line":70,"column":12},"end":{"line":70,"column":31}},"18":{"start":{"line":73,"column":8},"end":{"line":73,"column":35}},"19":{"start":{"line":76,"column":8},"end":{"line":76,"column":35}},"20":{"start":{"line":79,"column":8},"end":{"line":81,"column":9}},"21":{"start":{"line":80,"column":12},"end":{"line":80,"column":57}},"22":{"start":{"line":83,"column":21},"end":{"line":85,"column":10}},"23":{"start":{"line":84,"column":12},"end":{"line":84,"column":26}},"24":{"start":{"line":87,"column":8},"end":{"line":87,"column":48}},"25":{"start":{"line":94,"column":8},"end":{"line":96,"column":9}},"26":{"start":{"line":95,"column":12},"end":{"line":95,"column":57}},"27":{"start":{"line":98,"column":21},"end":{"line":100,"column":13}},"28":{"start":{"line":99,"column":12},"end":{"line":99,"column":38}},"29":{"start":{"line":102,"column":8},"end":{"line":102,"column":52}},"30":{"start":{"line":109,"column":8},"end":{"line":111,"column":9}},"31":{"start":{"line":110,"column":12},"end":{"line":110,"column":57}},"32":{"start":{"line":113,"column":21},"end":{"line":115,"column":13}},"33":{"start":{"line":114,"column":12},"end":{"line":114,"column":38}},"34":{"start":{"line":117,"column":8},"end":{"line":117,"column":52}},"35":{"start":{"line":121,"column":0},"end":{"line":123,"column":1}},"36":{"start":{"line":122,"column":4},"end":{"line":122,"column":32}}},"fnMap":{"0":{"name":"(anonymous_0)","decl":{"start":{"line":13,"column":7},"end":{"line":13,"column":8}},"loc":{"start":{"line":13,"column":22},"end":{"line":15,"column":5}},"line":13},"1":{"name":"(anonymous_1)","decl":{"start":{"line":20,"column":16},"end":{"line":20,"column":17}},"loc":{"start":{"line":20,"column":31},"end":{"line":30,"column":5}},"line":20},"2":{"name":"(anonymous_2)","decl":{"start":{"line":25,"column":32},"end":{"line":25,"column":33}},"loc":{"start":{"line":25,"column":47},"end":{"line":27,"column":9}},"line":25},"3":{"name":"(anonymous_3)","decl":{"start":{"line":35,"column":7},"end":{"line":35,"column":8}},"loc":{"start":{"line":35,"column":21},"end":{"line":37,"column":5}},"line":35},"4":{"name":"(anonymous_4)","decl":{"start":{"line":42,"column":15},"end":{"line":42,"column":16}},"loc":{"start":{"line":42,"column":29},"end":{"line":52,"column":5}},"line":42},"5":{"name":"(anonymous_5)","decl":{"start":{"line":47,"column":32},"end":{"line":47,"column":33}},"loc":{"start":{"line":47,"column":47},"end":{"line":49,"column":9}},"line":47},"6":{"name":"(anonymous_6)","decl":{"start":{"line":57,"column":7},"end":{"line":57,"column":8}},"loc":{"start":{"line":57,"column":21},"end":{"line":59,"column":5}},"line":57},"7":{"name":"(anonymous_7)","decl":{"start":{"line":64,"column":14},"end":{"line":64,"column":15}},"loc":{"start":{"line":64,"column":28},"end":{"line":74,"column":5}},"line":64},"8":{"name":"(anonymous_8)","decl":{"start":{"line":69,"column":32},"end":{"line":69,"column":33}},"loc":{"start":{"line":69,"column":47},"end":{"line":71,"column":9}},"line":69},"9":{"name":"(anonymous_9)","decl":{"start":{"line":75,"column":7},"end":{"line":75,"column":8}},"loc":{"start":{"line":75,"column":21},"end":{"line":77,"column":5}},"line":75},"10":{"name":"(anonymous_10)","decl":{"start":{"line":78,"column":15},"end":{"line":78,"column":16}},"loc":{"start":{"line":78,"column":29},"end":{"line":88,"column":5}},"line":78},"11":{"name":"(anonymous_11)","decl":{"start":{"line":83,"column":32},"end":{"line":83,"column":33}},"loc":{"start":{"line":83,"column":47},"end":{"line":85,"column":9}},"line":83},"12":{"name":"(anonymous_12)","decl":{"start":{"line":93,"column":7},"end":{"line":93,"column":8}},"loc":{"start":{"line":93,"column":21},"end":{"line":103,"column":5}},"line":93},"13":{"name":"(anonymous_13)","decl":{"start":{"line":98,"column":32},"end":{"line":98,"column":33}},"loc":{"start":{"line":98,"column":47},"end":{"line":100,"column":9}},"line":98},"14":{"name":"(anonymous_14)","decl":{"start":{"line":108,"column":11},"end":{"line":108,"column":12}},"loc":{"start":{"line":108,"column":25},"end":{"line":118,"column":5}},"line":108},"15":{"name":"(anonymous_15)","decl":{"start":{"line":113,"column":32},"end":{"line":113,"column":33}},"loc":{"start":{"line":113,"column":47},"end":{"line":115,"column":9}},"line":113}},"branchMap":{"0":{"loc":{"start":{"line":21,"column":8},"end":{"line":23,"column":9}},"type":"if","locations":[{"start":{"line":21,"column":8},"end":{"line":23,"column":9}},{"start":{"line":21,"column":8},"end":{"line":23,"column":9}}],"line":21},"1":{"loc":{"start":{"line":43,"column":8},"end":{"line":45,"column":9}},"type":"if","locations":[{"start":{"line":43,"column":8},"end":{"line":45,"column":9}},{"start":{"line":43,"column":8},"end":{"line":45,"column":9}}],"line":43},"2":{"loc":{"start":{"line":65,"column":8},"end":{"line":67,"column":9}},"type":"if","locations":[{"start":{"line":65,"column":8},"end":{"line":67,"column":9}},{"start":{"line":65,"column":8},"end":{"line":67,"column":9}}],"line":65},"3":{"loc":{"start":{"line":79,"column":8},"end":{"line":81,"column":9}},"type":"if","locations":[{"start":{"line":79,"column":8},"end":{"line":81,"column":9}},{"start":{"line":79,"column":8},"end":{"line":81,"column":9}}],"line":79},"4":{"loc":{"start":{"line":94,"column":8},"end":{"line":96,"column":9}},"type":"if","locations":[{"start":{"line":94,"column":8},"end":{"line":96,"column":9}},{"start":{"line":94,"column":8},"end":{"line":96,"column":9}}],"line":94},"5":{"loc":{"start":{"line":109,"column":8},"end":{"line":111,"column":9}},"type":"if","locations":[{"start":{"line":109,"column":8},"end":{"line":111,"column":9}},{"start":{"line":109,"column":8},"end":{"line":111,"column":9}}],"line":109},"6":{"loc":{"start":{"line":121,"column":0},"end":{"line":123,"column":1}},"type":"if","locations":[{"start":{"line":121,"column":0},"end":{"line":123,"column":1}},{"start":{"line":121,"column":0},"end":{"line":123,"column":1}}],"line":121},"7":{"loc":{"start":{"line":121,"column":4},"end":{"line":121,"column":51}},"type":"binary-expr","locations":[{"start":{"line":121,"column":4},"end":{"line":121,"column":33}},{"start":{"line":121,"column":37},"end":{"line":121,"column":51}}],"line":121}},"s":{"0":1,"1":2,"2":4,"3":2,"4":2,"5":40,"6":2,"7":2,"8":4,"9":2,"10":2,"11":40,"12":2,"13":2,"14":4,"15":2,"16":2,"17":40,"18":2,"19":2,"20":4,"21":2,"22":2,"23":38,"24":2,"25":2,"26":1,"27":1,"28":20,"29":1,"30":2,"31":1,"32":1,"33":20,"34":1,"35":1,"36":1},"f":{"0":2,"1":4,"2":40,"3":2,"4":4,"5":40,"6":2,"7":4,"8":40,"9":2,"10":4,"11":38,"12":2,"13":20,"14":2,"15":20},"b":{"0":[2,2],"1":[2,2],"2":[2,2],"3":[2,2],"4":[1,1],"5":[1,1],"6":[1,0],"7":[1,1]},"_coverageSchema":"332fd63041d2c1bcb487cc26dd0d5f7d97098a6c","hash":"864e6ad8f6ec3fb97b29eb8e38fa17ffaf553a94"}
}
