{"C:\\Git\\array-means\\index.js": {"path":"C:\\Git\\array-means\\index.js","statementMap":{"0":{"start":{"line":8,"column":17},"end":{"line":65,"column":1}},"1":{"start":{"line":14,"column":8},"end":{"line":16,"column":9}},"2":{"start":{"line":15,"column":12},"end":{"line":15,"column":57}},"3":{"start":{"line":18,"column":21},"end":{"line":20,"column":13}},"4":{"start":{"line":19,"column":12},"end":{"line":19,"column":25}},"5":{"start":{"line":22,"column":8},"end":{"line":22,"column":35}},"6":{"start":{"line":29,"column":8},"end":{"line":31,"column":9}},"7":{"start":{"line":30,"column":12},"end":{"line":30,"column":57}},"8":{"start":{"line":33,"column":21},"end":{"line":35,"column":13}},"9":{"start":{"line":34,"column":12},"end":{"line":34,"column":38}},"10":{"start":{"line":37,"column":8},"end":{"line":37,"column":46}},"11":{"start":{"line":44,"column":8},"end":{"line":46,"column":9}},"12":{"start":{"line":45,"column":12},"end":{"line":45,"column":57}},"13":{"start":{"line":48,"column":21},"end":{"line":50,"column":13}},"14":{"start":{"line":49,"column":12},"end":{"line":49,"column":31}},"15":{"start":{"line":52,"column":8},"end":{"line":52,"column":35}},"16":{"start":{"line":55,"column":8},"end":{"line":57,"column":9}},"17":{"start":{"line":56,"column":12},"end":{"line":56,"column":57}},"18":{"start":{"line":59,"column":21},"end":{"line":61,"column":10}},"19":{"start":{"line":60,"column":12},"end":{"line":60,"column":26}},"20":{"start":{"line":63,"column":8},"end":{"line":63,"column":48}},"21":{"start":{"line":67,"column":0},"end":{"line":69,"column":1}},"22":{"start":{"line":68,"column":4},"end":{"line":68,"column":32}}},"fnMap":{"0":{"name":"(anonymous_0)","decl":{"start":{"line":13,"column":16},"end":{"line":13,"column":17}},"loc":{"start":{"line":13,"column":31},"end":{"line":23,"column":5}},"line":13},"1":{"name":"(anonymous_1)","decl":{"start":{"line":18,"column":32},"end":{"line":18,"column":33}},"loc":{"start":{"line":18,"column":47},"end":{"line":20,"column":9}},"line":18},"2":{"name":"(anonymous_2)","decl":{"start":{"line":28,"column":15},"end":{"line":28,"column":16}},"loc":{"start":{"line":28,"column":29},"end":{"line":38,"column":5}},"line":28},"3":{"name":"(anonymous_3)","decl":{"start":{"line":33,"column":32},"end":{"line":33,"column":33}},"loc":{"start":{"line":33,"column":47},"end":{"line":35,"column":9}},"line":33},"4":{"name":"(anonymous_4)","decl":{"start":{"line":43,"column":14},"end":{"line":43,"column":15}},"loc":{"start":{"line":43,"column":28},"end":{"line":53,"column":5}},"line":43},"5":{"name":"(anonymous_5)","decl":{"start":{"line":48,"column":32},"end":{"line":48,"column":33}},"loc":{"start":{"line":48,"column":47},"end":{"line":50,"column":9}},"line":48},"6":{"name":"(anonymous_6)","decl":{"start":{"line":54,"column":15},"end":{"line":54,"column":16}},"loc":{"start":{"line":54,"column":29},"end":{"line":64,"column":5}},"line":54},"7":{"name":"(anonymous_7)","decl":{"start":{"line":59,"column":32},"end":{"line":59,"column":33}},"loc":{"start":{"line":59,"column":47},"end":{"line":61,"column":9}},"line":59}},"branchMap":{"0":{"loc":{"start":{"line":14,"column":8},"end":{"line":16,"column":9}},"type":"if","locations":[{"start":{"line":14,"column":8},"end":{"line":16,"column":9}},{"start":{"line":14,"column":8},"end":{"line":16,"column":9}}],"line":14},"1":{"loc":{"start":{"line":29,"column":8},"end":{"line":31,"column":9}},"type":"if","locations":[{"start":{"line":29,"column":8},"end":{"line":31,"column":9}},{"start":{"line":29,"column":8},"end":{"line":31,"column":9}}],"line":29},"2":{"loc":{"start":{"line":44,"column":8},"end":{"line":46,"column":9}},"type":"if","locations":[{"start":{"line":44,"column":8},"end":{"line":46,"column":9}},{"start":{"line":44,"column":8},"end":{"line":46,"column":9}}],"line":44},"3":{"loc":{"start":{"line":55,"column":8},"end":{"line":57,"column":9}},"type":"if","locations":[{"start":{"line":55,"column":8},"end":{"line":57,"column":9}},{"start":{"line":55,"column":8},"end":{"line":57,"column":9}}],"line":55},"4":{"loc":{"start":{"line":67,"column":0},"end":{"line":69,"column":1}},"type":"if","locations":[{"start":{"line":67,"column":0},"end":{"line":69,"column":1}},{"start":{"line":67,"column":0},"end":{"line":69,"column":1}}],"line":67},"5":{"loc":{"start":{"line":67,"column":4},"end":{"line":67,"column":51}},"type":"binary-expr","locations":[{"start":{"line":67,"column":4},"end":{"line":67,"column":33}},{"start":{"line":67,"column":37},"end":{"line":67,"column":51}}],"line":67}},"s":{"0":1,"1":2,"2":1,"3":1,"4":20,"5":1,"6":2,"7":1,"8":1,"9":20,"10":1,"11":2,"12":1,"13":1,"14":20,"15":1,"16":2,"17":1,"18":1,"19":19,"20":1,"21":1,"22":1},"f":{"0":2,"1":20,"2":2,"3":20,"4":2,"5":20,"6":2,"7":19},"b":{"0":[1,1],"1":[1,1],"2":[1,1],"3":[1,1],"4":[1,0],"5":[1,1]},"_coverageSchema":"332fd63041d2c1bcb487cc26dd0d5f7d97098a6c","hash":"55c71ed1c7fed6f159abeed7ed4bf8a18c272b7d"}
}
