TN:
SF:C:\Git\array-means\index.js
FN:13,(anonymous_0)
FN:18,(anonymous_1)
FN:28,(anonymous_2)
FN:33,(anonymous_3)
FN:43,(anonymous_4)
FN:48,(anonymous_5)
FN:54,(anonymous_6)
FN:59,(anonymous_7)
FNF:8
FNH:8
FNDA:1,(anonymous_0)
FNDA:20,(anonymous_1)
FNDA:1,(anonymous_2)
FNDA:20,(anonymous_3)
FNDA:1,(anonymous_4)
FNDA:20,(anonymous_5)
FNDA:1,(anonymous_6)
FNDA:19,(anonymous_7)
DA:8,1
DA:14,1
DA:15,0
DA:18,1
DA:19,20
DA:22,1
DA:29,1
DA:30,0
DA:33,1
DA:34,20
DA:37,1
DA:44,1
DA:45,0
DA:48,1
DA:49,20
DA:52,1
DA:55,1
DA:56,0
DA:59,1
DA:60,19
DA:63,1
DA:67,1
DA:68,1
LF:23
LH:19
BRDA:14,0,0,0
BRDA:14,0,1,1
BRDA:29,1,0,0
BRDA:29,1,1,1
BRDA:44,2,0,0
BRDA:44,2,1,1
BRDA:55,3,0,0
BRDA:55,3,1,1
BRDA:67,4,0,1
BRDA:67,4,1,0
BRDA:67,5,0,1
BRDA:67,5,1,1
BRF:12
BRH:7
end_of_record
