TN:
SF:C:\Git\array-means\index.js
FN:13,(anonymous_0)
FN:20,(anonymous_1)
FN:25,(anonymous_2)
FN:35,(anonymous_3)
FN:42,(anonymous_4)
FN:47,(anonymous_5)
FN:57,(anonymous_6)
FN:64,(anonymous_7)
FN:69,(anonymous_8)
FN:75,(anonymous_9)
FN:78,(anonymous_10)
FN:83,(anonymous_11)
FN:93,(anonymous_12)
FN:98,(anonymous_13)
FN:108,(anonymous_14)
FN:113,(anonymous_15)
FNF:16
FNH:16
FNDA:2,(anonymous_0)
FNDA:4,(anonymous_1)
FNDA:40,(anonymous_2)
FNDA:2,(anonymous_3)
FNDA:4,(anonymous_4)
FNDA:40,(anonymous_5)
FNDA:2,(anonymous_6)
FNDA:4,(anonymous_7)
FNDA:40,(anonymous_8)
FNDA:2,(anonymous_9)
FNDA:4,(anonymous_10)
FNDA:38,(anonymous_11)
FNDA:2,(anonymous_12)
FNDA:20,(anonymous_13)
FNDA:2,(anonymous_14)
FNDA:20,(anonymous_15)
DA:8,1
DA:14,2
DA:21,4
DA:22,2
DA:25,2
DA:26,40
DA:29,2
DA:36,2
DA:43,4
DA:44,2
DA:47,2
DA:48,40
DA:51,2
DA:58,2
DA:65,4
DA:66,2
DA:69,2
DA:70,40
DA:73,2
DA:76,2
DA:79,4
DA:80,2
DA:83,2
DA:84,38
DA:87,2
DA:94,2
DA:95,1
DA:98,1
DA:99,20
DA:102,1
DA:109,2
DA:110,1
DA:113,1
DA:114,20
DA:117,1
DA:121,1
DA:122,1
LF:37
LH:37
BRDA:21,0,0,2
BRDA:21,0,1,2
BRDA:43,1,0,2
BRDA:43,1,1,2
BRDA:65,2,0,2
BRDA:65,2,1,2
BRDA:79,3,0,2
BRDA:79,3,1,2
BRDA:94,4,0,1
BRDA:94,4,1,1
BRDA:109,5,0,1
BRDA:109,5,1,1
BRDA:121,6,0,1
BRDA:121,6,1,0
BRDA:121,7,0,1
BRDA:121,7,1,1
BRF:16
BRH:15
end_of_record
